<?xml version="1.0" encoding="UTF-8"?>
<!-- Generated by org.testng.reporters.JUnitXMLReporter -->
<testsuite ignored="0" hostname="DESKTOP-3MPB3BA" failures="0" tests="3" name="Default test" time="7.288" errors="0" timestamp="2021-07-08T12:42:09 IST">
  <testcase classname="Projects.GitHubProjects" name="addKeys" time="4.47"/>
  <testcase classname="Projects.GitHubProjects" name="getKeys" time="0.535"/>
  <testcase classname="Projects.GitHubProjects" name="deleteKeys" time="0.544"/>
</testsuite> <!-- Default test -->
