<?xml version="1.0" encoding="UTF-8"?>
<testng-results ignored="0" total="3" passed="3" failed="0" skipped="0">
  <reporter-output>
  </reporter-output>
  <suite started-at="2021-07-08T12:42:01 IST" name="Default suite" finished-at="2021-07-08T12:42:09 IST" duration-ms="7288">
    <groups>
    </groups>
    <test started-at="2021-07-08T12:42:01 IST" name="Default test" finished-at="2021-07-08T12:42:09 IST" duration-ms="7288">
      <class name="Projects.GitHubProjects">
        <test-method is-config="true" signature="setUp()[pri:0, instance:Projects.GitHubProjects@932bc4a]" started-at="2021-07-08T12:42:01 IST" name="setUp" finished-at="2021-07-08T12:42:03 IST" duration-ms="1630" status="PASS">
          <reporter-output>
          </reporter-output>
        </test-method> <!-- setUp -->
        <test-method signature="addKeys()[pri:1, instance:Projects.GitHubProjects@932bc4a]" started-at="2021-07-08T12:42:03 IST" name="addKeys" finished-at="2021-07-08T12:42:08 IST" duration-ms="4470" status="PASS">
          <reporter-output>
          </reporter-output>
        </test-method> <!-- addKeys -->
        <test-method signature="getKeys()[pri:2, instance:Projects.GitHubProjects@932bc4a]" started-at="2021-07-08T12:42:08 IST" name="getKeys" finished-at="2021-07-08T12:42:08 IST" duration-ms="535" status="PASS">
          <reporter-output>
          </reporter-output>
        </test-method> <!-- getKeys -->
        <test-method signature="deleteKeys()[pri:3, instance:Projects.GitHubProjects@932bc4a]" started-at="2021-07-08T12:42:08 IST" name="deleteKeys" finished-at="2021-07-08T12:42:09 IST" duration-ms="544" status="PASS">
          <reporter-output>
          </reporter-output>
        </test-method> <!-- deleteKeys -->
      </class> <!-- Projects.GitHubProjects -->
    </test> <!-- Default test -->
  </suite> <!-- Default suite -->
</testng-results>
